Analysis & Synthesis report for simple_vga_game
Sun Jan 14 10:16:08 2018
Quartus II 64-Bit Version 13.1.0 Build 162 10/23/2013 SJ Full Version


---------------------
; Table of Contents ;
---------------------
  1. Legal Notice
  2. Analysis & Synthesis Summary
  3. Analysis & Synthesis Settings
  4. Parallel Compilation
  5. Analysis & Synthesis Source Files Read
  6. Analysis & Synthesis Resource Usage Summary
  7. Analysis & Synthesis Resource Utilization by Entity
  8. Registers Removed During Synthesis
  9. Removed Registers Triggering Further Register Optimizations
 10. General Register Statistics
 11. Inverted Register Statistics
 12. Multiplexer Restructuring Statistics (Restructuring Performed)
 13. Parameter Settings for User Entity Instance: Top-level Entity: |simple_vga_game
 14. Parameter Settings for User Entity Instance: vga_display:screen
 15. Parameter Settings for Inferred Entity Instance: out_port_seg:scoreboard|lpm_divide:Mod1
 16. Parameter Settings for Inferred Entity Instance: out_port_seg:scoreboard|lpm_divide:Div0
 17. Parameter Settings for Inferred Entity Instance: out_port_seg:scoreboard|lpm_divide:Mod0
 18. Parameter Settings for Inferred Entity Instance: out_port_seg:historyScoreboard|lpm_divide:Mod1
 19. Parameter Settings for Inferred Entity Instance: out_port_seg:historyScoreboard|lpm_divide:Div0
 20. Parameter Settings for Inferred Entity Instance: out_port_seg:historyScoreboard|lpm_divide:Mod0
 21. Elapsed Time Per Partition
 22. Analysis & Synthesis Messages
 23. Analysis & Synthesis Suppressed Messages



----------------
; Legal Notice ;
----------------
Copyright (C) 1991-2013 Altera Corporation
Your use of Altera Corporation's design tools, logic functions 
and other software and tools, and its AMPP partner logic 
functions, and any output files from any of the foregoing 
(including device programming or simulation files), and any 
associated documentation or information are expressly subject 
to the terms and conditions of the Altera Program License 
Subscription Agreement, Altera MegaCore Function License 
Agreement, or other applicable license agreement, including, 
without limitation, that your use is for the sole purpose of 
programming logic devices manufactured by Altera and sold by 
Altera or its authorized distributors.  Please refer to the 
applicable agreement for further details.



+-------------------------------------------------------------------------------+
; Analysis & Synthesis Summary                                                  ;
+---------------------------------+---------------------------------------------+
; Analysis & Synthesis Status     ; Successful - Sun Jan 14 10:16:08 2018       ;
; Quartus II 64-Bit Version       ; 13.1.0 Build 162 10/23/2013 SJ Full Version ;
; Revision Name                   ; simple_vga_game                             ;
; Top-level Entity Name           ; simple_vga_game                             ;
; Family                          ; Cyclone V                                   ;
; Logic utilization (in ALMs)     ; N/A                                         ;
; Total registers                 ; 250                                         ;
; Total pins                      ; 61                                          ;
; Total virtual pins              ; 0                                           ;
; Total block memory bits         ; 0                                           ;
; Total DSP Blocks                ; 0                                           ;
; Total HSSI RX PCSs              ; 0                                           ;
; Total HSSI PMA RX Deserializers ; 0                                           ;
; Total HSSI TX PCSs              ; 0                                           ;
; Total HSSI TX Channels          ; 0                                           ;
; Total PLLs                      ; 0                                           ;
; Total DLLs                      ; 0                                           ;
+---------------------------------+---------------------------------------------+


+---------------------------------------------------------------------------------------------------------------------------+
; Analysis & Synthesis Settings                                                                                             ;
+---------------------------------------------------------------------------------+--------------------+--------------------+
; Option                                                                          ; Setting            ; Default Value      ;
+---------------------------------------------------------------------------------+--------------------+--------------------+
; Device                                                                          ; 5CSEMA5F31C6       ;                    ;
; Top-level entity name                                                           ; simple_vga_game    ; simple_vga_game    ;
; Family name                                                                     ; Cyclone V          ; Cyclone IV GX      ;
; Use smart compilation                                                           ; Off                ; Off                ;
; Enable parallel Assembler and TimeQuest Timing Analyzer during compilation      ; On                 ; On                 ;
; Enable compact report table                                                     ; Off                ; Off                ;
; Restructure Multiplexers                                                        ; Auto               ; Auto               ;
; MLAB Add Timing Constraints For Mixed-Port Feed-Through Mode Setting Don't Care ; Off                ; Off                ;
; Create Debugging Nodes for IP Cores                                             ; Off                ; Off                ;
; Preserve fewer node names                                                       ; On                 ; On                 ;
; Disable OpenCore Plus hardware evaluation                                       ; Off                ; Off                ;
; Verilog Version                                                                 ; Verilog_2001       ; Verilog_2001       ;
; VHDL Version                                                                    ; VHDL_1993          ; VHDL_1993          ;
; State Machine Processing                                                        ; Auto               ; Auto               ;
; Safe State Machine                                                              ; Off                ; Off                ;
; Extract Verilog State Machines                                                  ; On                 ; On                 ;
; Extract VHDL State Machines                                                     ; On                 ; On                 ;
; Ignore Verilog initial constructs                                               ; Off                ; Off                ;
; Iteration limit for constant Verilog loops                                      ; 5000               ; 5000               ;
; Iteration limit for non-constant Verilog loops                                  ; 250                ; 250                ;
; Add Pass-Through Logic to Inferred RAMs                                         ; On                 ; On                 ;
; Infer RAMs from Raw Logic                                                       ; On                 ; On                 ;
; Parallel Synthesis                                                              ; On                 ; On                 ;
; DSP Block Balancing                                                             ; Auto               ; Auto               ;
; NOT Gate Push-Back                                                              ; On                 ; On                 ;
; Power-Up Don't Care                                                             ; On                 ; On                 ;
; Remove Redundant Logic Cells                                                    ; Off                ; Off                ;
; Remove Duplicate Registers                                                      ; On                 ; On                 ;
; Ignore CARRY Buffers                                                            ; Off                ; Off                ;
; Ignore CASCADE Buffers                                                          ; Off                ; Off                ;
; Ignore GLOBAL Buffers                                                           ; Off                ; Off                ;
; Ignore ROW GLOBAL Buffers                                                       ; Off                ; Off                ;
; Ignore LCELL Buffers                                                            ; Off                ; Off                ;
; Ignore SOFT Buffers                                                             ; On                 ; On                 ;
; Limit AHDL Integers to 32 Bits                                                  ; Off                ; Off                ;
; Optimization Technique                                                          ; Balanced           ; Balanced           ;
; Carry Chain Length                                                              ; 70                 ; 70                 ;
; Auto Carry Chains                                                               ; On                 ; On                 ;
; Auto Open-Drain Pins                                                            ; On                 ; On                 ;
; Perform WYSIWYG Primitive Resynthesis                                           ; Off                ; Off                ;
; Auto ROM Replacement                                                            ; On                 ; On                 ;
; Auto RAM Replacement                                                            ; On                 ; On                 ;
; Auto DSP Block Replacement                                                      ; On                 ; On                 ;
; Auto Shift Register Replacement                                                 ; Auto               ; Auto               ;
; Allow Shift Register Merging across Hierarchies                                 ; Auto               ; Auto               ;
; Auto Clock Enable Replacement                                                   ; On                 ; On                 ;
; Strict RAM Replacement                                                          ; Off                ; Off                ;
; Allow Synchronous Control Signals                                               ; On                 ; On                 ;
; Force Use of Synchronous Clear Signals                                          ; Off                ; Off                ;
; Auto Resource Sharing                                                           ; Off                ; Off                ;
; Allow Any RAM Size For Recognition                                              ; Off                ; Off                ;
; Allow Any ROM Size For Recognition                                              ; Off                ; Off                ;
; Allow Any Shift Register Size For Recognition                                   ; Off                ; Off                ;
; Use LogicLock Constraints during Resource Balancing                             ; On                 ; On                 ;
; Ignore translate_off and synthesis_off directives                               ; Off                ; Off                ;
; Timing-Driven Synthesis                                                         ; On                 ; On                 ;
; Report Parameter Settings                                                       ; On                 ; On                 ;
; Report Source Assignments                                                       ; On                 ; On                 ;
; Report Connectivity Checks                                                      ; On                 ; On                 ;
; Ignore Maximum Fan-Out Assignments                                              ; Off                ; Off                ;
; Synchronization Register Chain Length                                           ; 3                  ; 3                  ;
; PowerPlay Power Optimization                                                    ; Normal compilation ; Normal compilation ;
; HDL message level                                                               ; Level2             ; Level2             ;
; Suppress Register Optimization Related Messages                                 ; Off                ; Off                ;
; Number of Removed Registers Reported in Synthesis Report                        ; 5000               ; 5000               ;
; Number of Swept Nodes Reported in Synthesis Report                              ; 5000               ; 5000               ;
; Number of Inverted Registers Reported in Synthesis Report                       ; 100                ; 100                ;
; Clock MUX Protection                                                            ; On                 ; On                 ;
; Auto Gated Clock Conversion                                                     ; Off                ; Off                ;
; Block Design Naming                                                             ; Auto               ; Auto               ;
; SDC constraint protection                                                       ; Off                ; Off                ;
; Synthesis Effort                                                                ; Auto               ; Auto               ;
; Shift Register Replacement - Allow Asynchronous Clear Signal                    ; On                 ; On                 ;
; Pre-Mapping Resynthesis Optimization                                            ; Off                ; Off                ;
; Analysis & Synthesis Message Level                                              ; Medium             ; Medium             ;
; Disable Register Merging Across Hierarchies                                     ; Auto               ; Auto               ;
; Resource Aware Inference For Block RAM                                          ; On                 ; On                 ;
; Synthesis Seed                                                                  ; 1                  ; 1                  ;
; Automatic Parallel Synthesis                                                    ; On                 ; On                 ;
+---------------------------------------------------------------------------------+--------------------+--------------------+


+------------------------------------------+
; Parallel Compilation                     ;
+----------------------------+-------------+
; Processors                 ; Number      ;
+----------------------------+-------------+
; Number detected on machine ; 2           ;
; Maximum allowed            ; 2           ;
;                            ;             ;
; Average used               ; 1.00        ;
; Maximum used               ; 2           ;
;                            ;             ;
; Usage by Processor         ; % Time Used ;
;     Processor 1            ; 100.0%      ;
;     Processor 2            ; < 0.1%      ;
+----------------------------+-------------+


+-----------------------------------------------------------------------------------------------------------------------------------------------------------+
; Analysis & Synthesis Source Files Read                                                                                                                    ;
+----------------------------------+-----------------+------------------------------+-------------------------------------------------------------+---------+
; File Name with User-Entered Path ; Used in Netlist ; File Type                    ; File Name with Absolute Path                                ; Library ;
+----------------------------------+-----------------+------------------------------+-------------------------------------------------------------+---------+
; vga_display.v                    ; yes             ; User Verilog HDL File        ; C:/fpgaProject/simple_vga_game/vga_display.v                ;         ;
; simple_vga_game.v                ; yes             ; User Verilog HDL File        ; C:/fpgaProject/simple_vga_game/simple_vga_game.v            ;         ;
; sevenseg.v                       ; yes             ; User Verilog HDL File        ; C:/fpgaProject/simple_vga_game/sevenseg.v                   ;         ;
; out_port_seg.v                   ; yes             ; User Verilog HDL File        ; C:/fpgaProject/simple_vga_game/out_port_seg.v               ;         ;
; lpm_divide.tdf                   ; yes             ; Megafunction                 ; c:/fpga/quartus/libraries/megafunctions/lpm_divide.tdf      ;         ;
; abs_divider.inc                  ; yes             ; Megafunction                 ; c:/fpga/quartus/libraries/megafunctions/abs_divider.inc     ;         ;
; sign_div_unsign.inc              ; yes             ; Megafunction                 ; c:/fpga/quartus/libraries/megafunctions/sign_div_unsign.inc ;         ;
; aglobal131.inc                   ; yes             ; Megafunction                 ; c:/fpga/quartus/libraries/megafunctions/aglobal131.inc      ;         ;
; db/lpm_divide_l3m.tdf            ; yes             ; Auto-Generated Megafunction  ; C:/fpgaProject/simple_vga_game/db/lpm_divide_l3m.tdf        ;         ;
; db/sign_div_unsign_olh.tdf       ; yes             ; Auto-Generated Megafunction  ; C:/fpgaProject/simple_vga_game/db/sign_div_unsign_olh.tdf   ;         ;
; db/alt_u_div_mve.tdf             ; yes             ; Auto-Generated Megafunction  ; C:/fpgaProject/simple_vga_game/db/alt_u_div_mve.tdf         ;         ;
; db/lpm_divide_ibm.tdf            ; yes             ; Auto-Generated Megafunction  ; C:/fpgaProject/simple_vga_game/db/lpm_divide_ibm.tdf        ;         ;
+----------------------------------+-----------------+------------------------------+-------------------------------------------------------------+---------+


+------------------------------------------------------+
; Analysis & Synthesis Resource Usage Summary          ;
+---------------------------------------------+--------+
; Resource                                    ; Usage  ;
+---------------------------------------------+--------+
; Estimate of Logic utilization (ALMs needed) ; 1857   ;
;                                             ;        ;
; Combinational ALUT usage for logic          ; 3254   ;
;     -- 7 input functions                    ; 1      ;
;     -- 6 input functions                    ; 457    ;
;     -- 5 input functions                    ; 130    ;
;     -- 4 input functions                    ; 420    ;
;     -- <=3 input functions                  ; 2246   ;
;                                             ;        ;
; Dedicated logic registers                   ; 250    ;
;                                             ;        ;
; I/O pins                                    ; 61     ;
; Total DSP Blocks                            ; 0      ;
; Maximum fan-out node                        ; finish ;
; Maximum fan-out                             ; 143    ;
; Total fan-out                               ; 11967  ;
; Average fan-out                             ; 3.30   ;
+---------------------------------------------+--------+


+------------------------------------------------------------------------------------------------------------------------------------------------------------------------------------------------------------------------------------------------------------------------------------------------------+
; Analysis & Synthesis Resource Utilization by Entity                                                                                                                                                                                                                                                  ;
+-------------------------------------------+-------------------+--------------+-------------------+------------+------+--------------+-------------------------------------------------------------------------------------------------------------------------------------------------+--------------+
; Compilation Hierarchy Node                ; LC Combinationals ; LC Registers ; Block Memory Bits ; DSP Blocks ; Pins ; Virtual Pins ; Full Hierarchy Name                                                                                                                             ; Library Name ;
+-------------------------------------------+-------------------+--------------+-------------------+------------+------+--------------+-------------------------------------------------------------------------------------------------------------------------------------------------+--------------+
; |simple_vga_game                          ; 3254 (1333)       ; 250 (230)    ; 0                 ; 0          ; 61   ; 0            ; |simple_vga_game                                                                                                                                ; work         ;
;    |out_port_seg:historyScoreboard|       ; 946 (0)           ; 0 (0)        ; 0                 ; 0          ; 0    ; 0            ; |simple_vga_game|out_port_seg:historyScoreboard                                                                                                 ; work         ;
;       |lpm_divide:Div0|                   ; 313 (0)           ; 0 (0)        ; 0                 ; 0          ; 0    ; 0            ; |simple_vga_game|out_port_seg:historyScoreboard|lpm_divide:Div0                                                                                 ; work         ;
;          |lpm_divide_ibm:auto_generated|  ; 313 (0)           ; 0 (0)        ; 0                 ; 0          ; 0    ; 0            ; |simple_vga_game|out_port_seg:historyScoreboard|lpm_divide:Div0|lpm_divide_ibm:auto_generated                                                   ; work         ;
;             |sign_div_unsign_olh:divider| ; 313 (0)           ; 0 (0)        ; 0                 ; 0          ; 0    ; 0            ; |simple_vga_game|out_port_seg:historyScoreboard|lpm_divide:Div0|lpm_divide_ibm:auto_generated|sign_div_unsign_olh:divider                       ; work         ;
;                |alt_u_div_mve:divider|    ; 313 (313)         ; 0 (0)        ; 0                 ; 0          ; 0    ; 0            ; |simple_vga_game|out_port_seg:historyScoreboard|lpm_divide:Div0|lpm_divide_ibm:auto_generated|sign_div_unsign_olh:divider|alt_u_div_mve:divider ; work         ;
;       |lpm_divide:Mod0|                   ; 302 (0)           ; 0 (0)        ; 0                 ; 0          ; 0    ; 0            ; |simple_vga_game|out_port_seg:historyScoreboard|lpm_divide:Mod0                                                                                 ; work         ;
;          |lpm_divide_l3m:auto_generated|  ; 302 (0)           ; 0 (0)        ; 0                 ; 0          ; 0    ; 0            ; |simple_vga_game|out_port_seg:historyScoreboard|lpm_divide:Mod0|lpm_divide_l3m:auto_generated                                                   ; work         ;
;             |sign_div_unsign_olh:divider| ; 302 (0)           ; 0 (0)        ; 0                 ; 0          ; 0    ; 0            ; |simple_vga_game|out_port_seg:historyScoreboard|lpm_divide:Mod0|lpm_divide_l3m:auto_generated|sign_div_unsign_olh:divider                       ; work         ;
;                |alt_u_div_mve:divider|    ; 302 (302)         ; 0 (0)        ; 0                 ; 0          ; 0    ; 0            ; |simple_vga_game|out_port_seg:historyScoreboard|lpm_divide:Mod0|lpm_divide_l3m:auto_generated|sign_div_unsign_olh:divider|alt_u_div_mve:divider ; work         ;
;       |lpm_divide:Mod1|                   ; 317 (0)           ; 0 (0)        ; 0                 ; 0          ; 0    ; 0            ; |simple_vga_game|out_port_seg:historyScoreboard|lpm_divide:Mod1                                                                                 ; work         ;
;          |lpm_divide_l3m:auto_generated|  ; 317 (0)           ; 0 (0)        ; 0                 ; 0          ; 0    ; 0            ; |simple_vga_game|out_port_seg:historyScoreboard|lpm_divide:Mod1|lpm_divide_l3m:auto_generated                                                   ; work         ;
;             |sign_div_unsign_olh:divider| ; 317 (0)           ; 0 (0)        ; 0                 ; 0          ; 0    ; 0            ; |simple_vga_game|out_port_seg:historyScoreboard|lpm_divide:Mod1|lpm_divide_l3m:auto_generated|sign_div_unsign_olh:divider                       ; work         ;
;                |alt_u_div_mve:divider|    ; 317 (317)         ; 0 (0)        ; 0                 ; 0          ; 0    ; 0            ; |simple_vga_game|out_port_seg:historyScoreboard|lpm_divide:Mod1|lpm_divide_l3m:auto_generated|sign_div_unsign_olh:divider|alt_u_div_mve:divider ; work         ;
;       |sevenseg:display_0|                ; 7 (7)             ; 0 (0)        ; 0                 ; 0          ; 0    ; 0            ; |simple_vga_game|out_port_seg:historyScoreboard|sevenseg:display_0                                                                              ; work         ;
;       |sevenseg:display_1|                ; 7 (7)             ; 0 (0)        ; 0                 ; 0          ; 0    ; 0            ; |simple_vga_game|out_port_seg:historyScoreboard|sevenseg:display_1                                                                              ; work         ;
;    |out_port_seg:scoreboard|              ; 946 (0)           ; 0 (0)        ; 0                 ; 0          ; 0    ; 0            ; |simple_vga_game|out_port_seg:scoreboard                                                                                                        ; work         ;
;       |lpm_divide:Div0|                   ; 313 (0)           ; 0 (0)        ; 0                 ; 0          ; 0    ; 0            ; |simple_vga_game|out_port_seg:scoreboard|lpm_divide:Div0                                                                                        ; work         ;
;          |lpm_divide_ibm:auto_generated|  ; 313 (0)           ; 0 (0)        ; 0                 ; 0          ; 0    ; 0            ; |simple_vga_game|out_port_seg:scoreboard|lpm_divide:Div0|lpm_divide_ibm:auto_generated                                                          ; work         ;
;             |sign_div_unsign_olh:divider| ; 313 (0)           ; 0 (0)        ; 0                 ; 0          ; 0    ; 0            ; |simple_vga_game|out_port_seg:scoreboard|lpm_divide:Div0|lpm_divide_ibm:auto_generated|sign_div_unsign_olh:divider                              ; work         ;
;                |alt_u_div_mve:divider|    ; 313 (313)         ; 0 (0)        ; 0                 ; 0          ; 0    ; 0            ; |simple_vga_game|out_port_seg:scoreboard|lpm_divide:Div0|lpm_divide_ibm:auto_generated|sign_div_unsign_olh:divider|alt_u_div_mve:divider        ; work         ;
;       |lpm_divide:Mod0|                   ; 302 (0)           ; 0 (0)        ; 0                 ; 0          ; 0    ; 0            ; |simple_vga_game|out_port_seg:scoreboard|lpm_divide:Mod0                                                                                        ; work         ;
;          |lpm_divide_l3m:auto_generated|  ; 302 (0)           ; 0 (0)        ; 0                 ; 0          ; 0    ; 0            ; |simple_vga_game|out_port_seg:scoreboard|lpm_divide:Mod0|lpm_divide_l3m:auto_generated                                                          ; work         ;
;             |sign_div_unsign_olh:divider| ; 302 (0)           ; 0 (0)        ; 0                 ; 0          ; 0    ; 0            ; |simple_vga_game|out_port_seg:scoreboard|lpm_divide:Mod0|lpm_divide_l3m:auto_generated|sign_div_unsign_olh:divider                              ; work         ;
;                |alt_u_div_mve:divider|    ; 302 (302)         ; 0 (0)        ; 0                 ; 0          ; 0    ; 0            ; |simple_vga_game|out_port_seg:scoreboard|lpm_divide:Mod0|lpm_divide_l3m:auto_generated|sign_div_unsign_olh:divider|alt_u_div_mve:divider        ; work         ;
;       |lpm_divide:Mod1|                   ; 317 (0)           ; 0 (0)        ; 0                 ; 0          ; 0    ; 0            ; |simple_vga_game|out_port_seg:scoreboard|lpm_divide:Mod1                                                                                        ; work         ;
;          |lpm_divide_l3m:auto_generated|  ; 317 (0)           ; 0 (0)        ; 0                 ; 0          ; 0    ; 0            ; |simple_vga_game|out_port_seg:scoreboard|lpm_divide:Mod1|lpm_divide_l3m:auto_generated                                                          ; work         ;
;             |sign_div_unsign_olh:divider| ; 317 (0)           ; 0 (0)        ; 0                 ; 0          ; 0    ; 0            ; |simple_vga_game|out_port_seg:scoreboard|lpm_divide:Mod1|lpm_divide_l3m:auto_generated|sign_div_unsign_olh:divider                              ; work         ;
;                |alt_u_div_mve:divider|    ; 317 (317)         ; 0 (0)        ; 0                 ; 0          ; 0    ; 0            ; |simple_vga_game|out_port_seg:scoreboard|lpm_divide:Mod1|lpm_divide_l3m:auto_generated|sign_div_unsign_olh:divider|alt_u_div_mve:divider        ; work         ;
;       |sevenseg:display_0|                ; 7 (7)             ; 0 (0)        ; 0                 ; 0          ; 0    ; 0            ; |simple_vga_game|out_port_seg:scoreboard|sevenseg:display_0                                                                                     ; work         ;
;       |sevenseg:display_1|                ; 7 (7)             ; 0 (0)        ; 0                 ; 0          ; 0    ; 0            ; |simple_vga_game|out_port_seg:scoreboard|sevenseg:display_1                                                                                     ; work         ;
;    |vga_display:screen|                   ; 29 (29)           ; 20 (20)      ; 0                 ; 0          ; 0    ; 0            ; |simple_vga_game|vga_display:screen                                                                                                             ; work         ;
+-------------------------------------------+-------------------+--------------+-------------------+------------+------+--------------+-------------------------------------------------------------------------------------------------------------------------------------------------+--------------+
Note: For table entries with two numbers listed, the numbers in parentheses indicate the number of resources of the given type used by the specific entity alone. The numbers listed outside of parentheses indicate the total resources of the given type used by the specific entity and all of its sub-entities in the hierarchy.


+----------------------------------------------------------------------------------+
; Registers Removed During Synthesis                                               ;
+-----------------------------------------+----------------------------------------+
; Register name                           ; Reason for Removal                     ;
+-----------------------------------------+----------------------------------------+
; extra_down[0,2..9]                      ; Stuck at GND due to stuck port data_in ;
; extra_up[0,2,4..9]                      ; Stuck at GND due to stuck port data_in ;
; birdhead_left[7..9]                     ; Stuck at GND due to stuck port data_in ;
; birdhead_left[6]                        ; Stuck at VCC due to stuck port data_in ;
; birdhead_left[3..5]                     ; Stuck at GND due to stuck port data_in ;
; birdhead_left[1,2]                      ; Stuck at VCC due to stuck port data_in ;
; birdhead_left[0]                        ; Stuck at GND due to stuck port data_in ;
; birdhead_right[7..9]                    ; Stuck at GND due to stuck port data_in ;
; birdhead_right[6]                       ; Stuck at VCC due to stuck port data_in ;
; birdhead_right[5]                       ; Stuck at GND due to stuck port data_in ;
; birdhead_right[4]                       ; Stuck at VCC due to stuck port data_in ;
; birdhead_right[0..3]                    ; Stuck at GND due to stuck port data_in ;
; birdbody_left[6..9]                     ; Stuck at GND due to stuck port data_in ;
; birdbody_left[2..5]                     ; Stuck at VCC due to stuck port data_in ;
; birdbody_left[0,1]                      ; Stuck at GND due to stuck port data_in ;
; birdbody_right[7..9]                    ; Stuck at GND due to stuck port data_in ;
; birdbody_right[6]                       ; Stuck at VCC due to stuck port data_in ;
; birdbody_right[5]                       ; Stuck at GND due to stuck port data_in ;
; birdbody_right[4]                       ; Stuck at VCC due to stuck port data_in ;
; birdbody_right[0..3]                    ; Stuck at GND due to stuck port data_in ;
; birdleg_right[0,1]                      ; Stuck at VCC due to stuck port data_in ;
; birdleg_right[2]                        ; Stuck at GND due to stuck port data_in ;
; birdleg_right[3]                        ; Stuck at VCC due to stuck port data_in ;
; birdleg_right[4,5]                      ; Stuck at GND due to stuck port data_in ;
; birdleg_right[6]                        ; Stuck at VCC due to stuck port data_in ;
; birdleg_right[7..9]                     ; Stuck at GND due to stuck port data_in ;
; birdleg_left[0]                         ; Stuck at VCC due to stuck port data_in ;
; birdleg_left[1..5]                      ; Stuck at GND due to stuck port data_in ;
; birdleg_left[6]                         ; Stuck at VCC due to stuck port data_in ;
; birdleg_left[7..9]                      ; Stuck at GND due to stuck port data_in ;
; VGA_R[2]~reg0                           ; Merged with VGA_R[0]~reg0              ;
; VGA_R[6]~reg0                           ; Merged with VGA_R[4]~reg0              ;
; VGA_G[5]~reg0                           ; Merged with VGA_G[0]~reg0              ;
; VGA_G[2]~reg0                           ; Merged with VGA_G[1]~reg0              ;
; VGA_G[6]~reg0                           ; Merged with VGA_B[4]~reg0              ;
; VGA_B[5]~reg0                           ; Merged with VGA_B[3]~reg0              ;
; birdleg_top[9]                          ; Merged with birdbody_bottom[9]         ;
; birdleg_top[8]                          ; Merged with birdbody_bottom[8]         ;
; birdleg_top[7]                          ; Merged with birdbody_bottom[7]         ;
; birdleg_top[6]                          ; Merged with birdbody_bottom[6]         ;
; birdleg_top[5]                          ; Merged with birdbody_bottom[5]         ;
; birdleg_top[4]                          ; Merged with birdbody_bottom[4]         ;
; birdleg_top[3]                          ; Merged with birdbody_bottom[3]         ;
; birdleg_top[2]                          ; Merged with birdbody_bottom[2]         ;
; birdleg_top[1]                          ; Merged with birdbody_bottom[1]         ;
; birdleg_top[0]                          ; Merged with birdbody_bottom[0]         ;
; birdhead_bottom[9]                      ; Merged with birdbody_top[9]            ;
; birdhead_bottom[8]                      ; Merged with birdbody_top[8]            ;
; birdhead_bottom[7]                      ; Merged with birdbody_top[7]            ;
; birdhead_bottom[6]                      ; Merged with birdbody_top[6]            ;
; birdhead_bottom[5]                      ; Merged with birdbody_top[5]            ;
; birdhead_bottom[4]                      ; Merged with birdbody_top[4]            ;
; birdhead_bottom[3]                      ; Merged with birdbody_top[3]            ;
; birdhead_bottom[2]                      ; Merged with birdbody_top[2]            ;
; birdhead_bottom[1]                      ; Merged with birdbody_top[1]            ;
; birdhead_bottom[0]                      ; Merged with birdbody_top[0]            ;
; extra_up[3]                             ; Merged with extra_up[1]                ;
; up_total[0]                             ; Stuck at GND due to stuck port data_in ;
; down_total[0]                           ; Stuck at GND due to stuck port data_in ;
; VGA_B[2]~reg0                           ; Stuck at GND due to stuck port data_in ;
; Total Number of Removed Registers = 107 ;                                        ;
+-----------------------------------------+----------------------------------------+


+---------------------------------------------------------------------------------------+
; Removed Registers Triggering Further Register Optimizations                           ;
+------------------+---------------------------+----------------------------------------+
; Register name    ; Reason for Removal        ; Registers Removed due to This Register ;
+------------------+---------------------------+----------------------------------------+
; birdhead_left[9] ; Stuck at GND              ; VGA_B[2]~reg0                          ;
;                  ; due to stuck port data_in ;                                        ;
+------------------+---------------------------+----------------------------------------+


+------------------------------------------------------+
; General Register Statistics                          ;
+----------------------------------------------+-------+
; Statistic                                    ; Value ;
+----------------------------------------------+-------+
; Total registers                              ; 250   ;
; Number of registers using Synchronous Clear  ; 53    ;
; Number of registers using Synchronous Load   ; 72    ;
; Number of registers using Asynchronous Clear ; 105   ;
; Number of registers using Asynchronous Load  ; 0     ;
; Number of registers using Clock Enable       ; 168   ;
; Number of registers using Preset             ; 0     ;
+----------------------------------------------+-------+


+---------------------------------------------------+
; Inverted Register Statistics                      ;
+-----------------------------------------+---------+
; Inverted Register                       ; Fan out ;
+-----------------------------------------+---------+
; obstacle_left[5][8]                     ; 3       ;
; obstacle_left[5][7]                     ; 3       ;
; obstacle_left[5][6]                     ; 3       ;
; obstacle_left[4][3]                     ; 5       ;
; obstacle_left[4][1]                     ; 3       ;
; obstacle_left[5][9]                     ; 3       ;
; obstacle_left[3][9]                     ; 3       ;
; obstacle_left[3][7]                     ; 3       ;
; obstacle_left[3][4]                     ; 3       ;
; obstacle_left[3][2]                     ; 3       ;
; obstacle_left[4][9]                     ; 3       ;
; obstacle_left[4][8]                     ; 4       ;
; obstacle_left[4][5]                     ; 3       ;
; obstacle_left[0][1]                     ; 6       ;
; obstacle_left[2][1]                     ; 5       ;
; obstacle_left[0][7]                     ; 3       ;
; obstacle_left[0][6]                     ; 4       ;
; obstacle_left[0][4]                     ; 3       ;
; obstacle_left[2][8]                     ; 3       ;
; obstacle_left[2][7]                     ; 3       ;
; obstacle_left[2][6]                     ; 3       ;
; obstacle_left[2][5]                     ; 4       ;
; obstacle_left[2][4]                     ; 3       ;
; obstacle_left[2][3]                     ; 3       ;
; obstacle_left[2][2]                     ; 3       ;
; obstacle_left[1][8]                     ; 3       ;
; obstacle_left[1][6]                     ; 4       ;
; obstacle_left[1][5]                     ; 3       ;
; obstacle_left[1][3]                     ; 3       ;
; Total number of inverted registers = 29 ;         ;
+-----------------------------------------+---------+


+-----------------------------------------------------------------------------------------------------------------------------------------------------------+
; Multiplexer Restructuring Statistics (Restructuring Performed)                                                                                            ;
+--------------------+-----------+---------------+----------------------+------------------------+------------+---------------------------------------------+
; Multiplexer Inputs ; Bus Width ; Baseline Area ; Area if Restructured ; Saving if Restructured ; Registered ; Example Multiplexer Output                  ;
+--------------------+-----------+---------------+----------------------+------------------------+------------+---------------------------------------------+
; 3:1                ; 10 bits   ; 20 LEs        ; 0 LEs                ; 20 LEs                 ; Yes        ; |simple_vga_game|vga_display:screen|Hcnt[3] ;
; 3:1                ; 31 bits   ; 62 LEs        ; 0 LEs                ; 62 LEs                 ; Yes        ; |simple_vga_game|history_score[1]           ;
; 4:1                ; 10 bits   ; 20 LEs        ; 0 LEs                ; 20 LEs                 ; Yes        ; |simple_vga_game|vga_display:screen|Vcnt[4] ;
; 4:1                ; 7 bits    ; 14 LEs        ; 14 LEs               ; 0 LEs                  ; Yes        ; |simple_vga_game|VGA_G[0]~reg0              ;
; 3:1                ; 3 bits    ; 6 LEs         ; 6 LEs                ; 0 LEs                  ; No         ; |simple_vga_game|VGA_G                      ;
; 3:1                ; 31 bits   ; 62 LEs        ; 31 LEs               ; 31 LEs                 ; No         ; |simple_vga_game|history_score              ;
; 3:1                ; 31 bits   ; 62 LEs        ; 31 LEs               ; 31 LEs                 ; No         ; |simple_vga_game|history_score              ;
; 3:1                ; 31 bits   ; 62 LEs        ; 31 LEs               ; 31 LEs                 ; No         ; |simple_vga_game|history_score              ;
; 3:1                ; 31 bits   ; 62 LEs        ; 31 LEs               ; 31 LEs                 ; No         ; |simple_vga_game|history_score              ;
; 3:1                ; 31 bits   ; 62 LEs        ; 31 LEs               ; 31 LEs                 ; No         ; |simple_vga_game|history_score              ;
; 8:1                ; 3 bits    ; 15 LEs        ; 15 LEs               ; 0 LEs                  ; No         ; |simple_vga_game|VGA_G                      ;
+--------------------+-----------+---------------+----------------------+------------------------+------------+---------------------------------------------+


+---------------------------------------------------------------------------------+
; Parameter Settings for User Entity Instance: Top-level Entity: |simple_vga_game ;
+---------------------+----------+------------------------------------------------+
; Parameter Name      ; Value    ; Type                                           ;
+---------------------+----------+------------------------------------------------+
; obstacle_num        ; 6        ; Signed Integer                                 ;
; COUNT_200ms         ; 4999999  ; Signed Integer                                 ;
; COUNT_500ms         ; 12999999 ; Signed Integer                                 ;
; up_distance         ; 30       ; Signed Integer                                 ;
; down_distance       ; 10       ; Signed Integer                                 ;
; obstacle_move_speed ; 10       ; Signed Integer                                 ;
+---------------------+----------+------------------------------------------------+
Note: In order to hide this table in the UI and the text report file, please set the "Show Parameter Settings in Synthesis Report" option in "Analysis and Synthesis Settings -> More Settings" to "Off".


+-----------------------------------------------------------------+
; Parameter Settings for User Entity Instance: vga_display:screen ;
+----------------+-------+----------------------------------------+
; Parameter Name ; Value ; Type                                   ;
+----------------+-------+----------------------------------------+
; visible_area_h ; 640   ; Signed Integer                         ;
; front_porch_h  ; 16    ; Signed Integer                         ;
; sync_pulse_h   ; 96    ; Signed Integer                         ;
; back_porch_h   ; 48    ; Signed Integer                         ;
; whole_line_h   ; 800   ; Signed Integer                         ;
; visible_area_v ; 480   ; Signed Integer                         ;
; front_porch_v  ; 10    ; Signed Integer                         ;
; sync_pulse_v   ; 2     ; Signed Integer                         ;
; back_porch_v   ; 33    ; Signed Integer                         ;
; whole_line_v   ; 525   ; Signed Integer                         ;
+----------------+-------+----------------------------------------+
Note: In order to hide this table in the UI and the text report file, please set the "Show Parameter Settings in Synthesis Report" option in "Analysis and Synthesis Settings -> More Settings" to "Off".


+------------------------------------------------------------------------------------------+
; Parameter Settings for Inferred Entity Instance: out_port_seg:scoreboard|lpm_divide:Mod1 ;
+------------------------+----------------+------------------------------------------------+
; Parameter Name         ; Value          ; Type                                           ;
+------------------------+----------------+------------------------------------------------+
; LPM_WIDTHN             ; 32             ; Untyped                                        ;
; LPM_WIDTHD             ; 4              ; Untyped                                        ;
; LPM_NREPRESENTATION    ; UNSIGNED       ; Untyped                                        ;
; LPM_DREPRESENTATION    ; UNSIGNED       ; Untyped                                        ;
; LPM_PIPELINE           ; 0              ; Untyped                                        ;
; LPM_REMAINDERPOSITIVE  ; TRUE           ; Untyped                                        ;
; MAXIMIZE_SPEED         ; 5              ; Untyped                                        ;
; CBXI_PARAMETER         ; lpm_divide_l3m ; Untyped                                        ;
; CARRY_CHAIN            ; MANUAL         ; Untyped                                        ;
; OPTIMIZE_FOR_SPEED     ; 5              ; Untyped                                        ;
; AUTO_CARRY_CHAINS      ; ON             ; AUTO_CARRY                                     ;
; IGNORE_CARRY_BUFFERS   ; OFF            ; IGNORE_CARRY                                   ;
; AUTO_CASCADE_CHAINS    ; ON             ; AUTO_CASCADE                                   ;
; IGNORE_CASCADE_BUFFERS ; OFF            ; IGNORE_CASCADE                                 ;
+------------------------+----------------+------------------------------------------------+
Note: In order to hide this table in the UI and the text report file, please set the "Show Parameter Settings in Synthesis Report" option in "Analysis and Synthesis Settings -> More Settings" to "Off".


+------------------------------------------------------------------------------------------+
; Parameter Settings for Inferred Entity Instance: out_port_seg:scoreboard|lpm_divide:Div0 ;
+------------------------+----------------+------------------------------------------------+
; Parameter Name         ; Value          ; Type                                           ;
+------------------------+----------------+------------------------------------------------+
; LPM_WIDTHN             ; 32             ; Untyped                                        ;
; LPM_WIDTHD             ; 4              ; Untyped                                        ;
; LPM_NREPRESENTATION    ; UNSIGNED       ; Untyped                                        ;
; LPM_DREPRESENTATION    ; UNSIGNED       ; Untyped                                        ;
; LPM_PIPELINE           ; 0              ; Untyped                                        ;
; LPM_REMAINDERPOSITIVE  ; TRUE           ; Untyped                                        ;
; MAXIMIZE_SPEED         ; 5              ; Untyped                                        ;
; CBXI_PARAMETER         ; lpm_divide_ibm ; Untyped                                        ;
; CARRY_CHAIN            ; MANUAL         ; Untyped                                        ;
; OPTIMIZE_FOR_SPEED     ; 5              ; Untyped                                        ;
; AUTO_CARRY_CHAINS      ; ON             ; AUTO_CARRY                                     ;
; IGNORE_CARRY_BUFFERS   ; OFF            ; IGNORE_CARRY                                   ;
; AUTO_CASCADE_CHAINS    ; ON             ; AUTO_CASCADE                                   ;
; IGNORE_CASCADE_BUFFERS ; OFF            ; IGNORE_CASCADE                                 ;
+------------------------+----------------+------------------------------------------------+
Note: In order to hide this table in the UI and the text report file, please set the "Show Parameter Settings in Synthesis Report" option in "Analysis and Synthesis Settings -> More Settings" to "Off".


+------------------------------------------------------------------------------------------+
; Parameter Settings for Inferred Entity Instance: out_port_seg:scoreboard|lpm_divide:Mod0 ;
+------------------------+----------------+------------------------------------------------+
; Parameter Name         ; Value          ; Type                                           ;
+------------------------+----------------+------------------------------------------------+
; LPM_WIDTHN             ; 32             ; Untyped                                        ;
; LPM_WIDTHD             ; 4              ; Untyped                                        ;
; LPM_NREPRESENTATION    ; UNSIGNED       ; Untyped                                        ;
; LPM_DREPRESENTATION    ; UNSIGNED       ; Untyped                                        ;
; LPM_PIPELINE           ; 0              ; Untyped                                        ;
; LPM_REMAINDERPOSITIVE  ; TRUE           ; Untyped                                        ;
; MAXIMIZE_SPEED         ; 5              ; Untyped                                        ;
; CBXI_PARAMETER         ; lpm_divide_l3m ; Untyped                                        ;
; CARRY_CHAIN            ; MANUAL         ; Untyped                                        ;
; OPTIMIZE_FOR_SPEED     ; 5              ; Untyped                                        ;
; AUTO_CARRY_CHAINS      ; ON             ; AUTO_CARRY                                     ;
; IGNORE_CARRY_BUFFERS   ; OFF            ; IGNORE_CARRY                                   ;
; AUTO_CASCADE_CHAINS    ; ON             ; AUTO_CASCADE                                   ;
; IGNORE_CASCADE_BUFFERS ; OFF            ; IGNORE_CASCADE                                 ;
+------------------------+----------------+------------------------------------------------+
Note: In order to hide this table in the UI and the text report file, please set the "Show Parameter Settings in Synthesis Report" option in "Analysis and Synthesis Settings -> More Settings" to "Off".


+-------------------------------------------------------------------------------------------------+
; Parameter Settings for Inferred Entity Instance: out_port_seg:historyScoreboard|lpm_divide:Mod1 ;
+------------------------+----------------+-------------------------------------------------------+
; Parameter Name         ; Value          ; Type                                                  ;
+------------------------+----------------+-------------------------------------------------------+
; LPM_WIDTHN             ; 32             ; Untyped                                               ;
; LPM_WIDTHD             ; 4              ; Untyped                                               ;
; LPM_NREPRESENTATION    ; UNSIGNED       ; Untyped                                               ;
; LPM_DREPRESENTATION    ; UNSIGNED       ; Untyped                                               ;
; LPM_PIPELINE           ; 0              ; Untyped                                               ;
; LPM_REMAINDERPOSITIVE  ; TRUE           ; Untyped                                               ;
; MAXIMIZE_SPEED         ; 5              ; Untyped                                               ;
; CBXI_PARAMETER         ; lpm_divide_l3m ; Untyped                                               ;
; CARRY_CHAIN            ; MANUAL         ; Untyped                                               ;
; OPTIMIZE_FOR_SPEED     ; 5              ; Untyped                                               ;
; AUTO_CARRY_CHAINS      ; ON             ; AUTO_CARRY                                            ;
; IGNORE_CARRY_BUFFERS   ; OFF            ; IGNORE_CARRY                                          ;
; AUTO_CASCADE_CHAINS    ; ON             ; AUTO_CASCADE                                          ;
; IGNORE_CASCADE_BUFFERS ; OFF            ; IGNORE_CASCADE                                        ;
+------------------------+----------------+-------------------------------------------------------+
Note: In order to hide this table in the UI and the text report file, please set the "Show Parameter Settings in Synthesis Report" option in "Analysis and Synthesis Settings -> More Settings" to "Off".


+-------------------------------------------------------------------------------------------------+
; Parameter Settings for Inferred Entity Instance: out_port_seg:historyScoreboard|lpm_divide:Div0 ;
+------------------------+----------------+-------------------------------------------------------+
; Parameter Name         ; Value          ; Type                                                  ;
+------------------------+----------------+-------------------------------------------------------+
; LPM_WIDTHN             ; 32             ; Untyped                                               ;
; LPM_WIDTHD             ; 4              ; Untyped                                               ;
; LPM_NREPRESENTATION    ; UNSIGNED       ; Untyped                                               ;
; LPM_DREPRESENTATION    ; UNSIGNED       ; Untyped                                               ;
; LPM_PIPELINE           ; 0              ; Untyped                                               ;
; LPM_REMAINDERPOSITIVE  ; TRUE           ; Untyped                                               ;
; MAXIMIZE_SPEED         ; 5              ; Untyped                                               ;
; CBXI_PARAMETER         ; lpm_divide_ibm ; Untyped                                               ;
; CARRY_CHAIN            ; MANUAL         ; Untyped                                               ;
; OPTIMIZE_FOR_SPEED     ; 5              ; Untyped                                               ;
; AUTO_CARRY_CHAINS      ; ON             ; AUTO_CARRY                                            ;
; IGNORE_CARRY_BUFFERS   ; OFF            ; IGNORE_CARRY                                          ;
; AUTO_CASCADE_CHAINS    ; ON             ; AUTO_CASCADE                                          ;
; IGNORE_CASCADE_BUFFERS ; OFF            ; IGNORE_CASCADE                                        ;
+------------------------+----------------+-------------------------------------------------------+
Note: In order to hide this table in the UI and the text report file, please set the "Show Parameter Settings in Synthesis Report" option in "Analysis and Synthesis Settings -> More Settings" to "Off".


+-------------------------------------------------------------------------------------------------+
; Parameter Settings for Inferred Entity Instance: out_port_seg:historyScoreboard|lpm_divide:Mod0 ;
+------------------------+----------------+-------------------------------------------------------+
; Parameter Name         ; Value          ; Type                                                  ;
+------------------------+----------------+-------------------------------------------------------+
; LPM_WIDTHN             ; 32             ; Untyped                                               ;
; LPM_WIDTHD             ; 4              ; Untyped                                               ;
; LPM_NREPRESENTATION    ; UNSIGNED       ; Untyped                                               ;
; LPM_DREPRESENTATION    ; UNSIGNED       ; Untyped                                               ;
; LPM_PIPELINE           ; 0              ; Untyped                                               ;
; LPM_REMAINDERPOSITIVE  ; TRUE           ; Untyped                                               ;
; MAXIMIZE_SPEED         ; 5              ; Untyped                                               ;
; CBXI_PARAMETER         ; lpm_divide_l3m ; Untyped                                               ;
; CARRY_CHAIN            ; MANUAL         ; Untyped                                               ;
; OPTIMIZE_FOR_SPEED     ; 5              ; Untyped                                               ;
; AUTO_CARRY_CHAINS      ; ON             ; AUTO_CARRY                                            ;
; IGNORE_CARRY_BUFFERS   ; OFF            ; IGNORE_CARRY                                          ;
; AUTO_CASCADE_CHAINS    ; ON             ; AUTO_CASCADE                                          ;
; IGNORE_CASCADE_BUFFERS ; OFF            ; IGNORE_CASCADE                                        ;
+------------------------+----------------+-------------------------------------------------------+
Note: In order to hide this table in the UI and the text report file, please set the "Show Parameter Settings in Synthesis Report" option in "Analysis and Synthesis Settings -> More Settings" to "Off".


+-------------------------------+
; Elapsed Time Per Partition    ;
+----------------+--------------+
; Partition Name ; Elapsed Time ;
+----------------+--------------+
; Top            ; 00:00:08     ;
+----------------+--------------+


+-------------------------------+
; Analysis & Synthesis Messages ;
+-------------------------------+
Info: *******************************************************************
Info: Running Quartus II 64-Bit Analysis & Synthesis
    Info: Version 13.1.0 Build 162 10/23/2013 SJ Full Version
    Info: Processing started: Sun Jan 14 10:16:00 2018
Info: Command: quartus_map --read_settings_files=on --write_settings_files=off simple_vga_game -c simple_vga_game
Info (20030): Parallel compilation is enabled and will use 2 of the 2 processors detected
Info (12021): Found 1 design units, including 1 entities, in source file vga_display.v
    Info (12023): Found entity 1: vga_display
Info (12021): Found 1 design units, including 1 entities, in source file simple_vga_game.v
    Info (12023): Found entity 1: simple_vga_game
Info (12021): Found 1 design units, including 1 entities, in source file sevenseg.v
    Info (12023): Found entity 1: sevenseg
Info (12021): Found 1 design units, including 1 entities, in source file out_port_seg.v
    Info (12023): Found entity 1: out_port_seg
Warning (10227): Verilog HDL Port Declaration warning at sevenseg.v(4): data type declaration for "ledsegments" declares packed dimensions but the port declaration declaration does not
Info (10499): HDL info at sevenseg.v(3): see declaration for object "ledsegments"
Info (12127): Elaborating entity "simple_vga_game" for the top level hierarchy
Warning (10230): Verilog HDL assignment warning at simple_vga_game.v(154): truncated value with size 32 to match size of target (10)
Warning (10230): Verilog HDL assignment warning at simple_vga_game.v(164): truncated value with size 32 to match size of target (10)
Warning (10230): Verilog HDL assignment warning at simple_vga_game.v(214): truncated value with size 32 to match size of target (10)
Warning (10230): Verilog HDL assignment warning at simple_vga_game.v(217): truncated value with size 32 to match size of target (10)
Info (10041): Inferred latch for "obstacle_blank_height[0][0]" at simple_vga_game.v(172)
Info (10041): Inferred latch for "obstacle_blank_height[0][1]" at simple_vga_game.v(172)
Info (10041): Inferred latch for "obstacle_blank_height[0][2]" at simple_vga_game.v(172)
Info (10041): Inferred latch for "obstacle_blank_height[0][3]" at simple_vga_game.v(172)
Info (10041): Inferred latch for "obstacle_blank_height[0][4]" at simple_vga_game.v(172)
Info (10041): Inferred latch for "obstacle_blank_height[0][5]" at simple_vga_game.v(172)
Info (10041): Inferred latch for "obstacle_blank_height[0][6]" at simple_vga_game.v(172)
Info (10041): Inferred latch for "obstacle_blank_height[0][7]" at simple_vga_game.v(172)
Info (10041): Inferred latch for "obstacle_blank_height[0][8]" at simple_vga_game.v(172)
Info (10041): Inferred latch for "obstacle_blank_height[0][9]" at simple_vga_game.v(172)
Info (10041): Inferred latch for "obstacle_blank_height[1][0]" at simple_vga_game.v(172)
Info (10041): Inferred latch for "obstacle_blank_height[1][1]" at simple_vga_game.v(172)
Info (10041): Inferred latch for "obstacle_blank_height[1][2]" at simple_vga_game.v(172)
Info (10041): Inferred latch for "obstacle_blank_height[1][3]" at simple_vga_game.v(172)
Info (10041): Inferred latch for "obstacle_blank_height[1][4]" at simple_vga_game.v(172)
Info (10041): Inferred latch for "obstacle_blank_height[1][5]" at simple_vga_game.v(172)
Info (10041): Inferred latch for "obstacle_blank_height[1][6]" at simple_vga_game.v(172)
Info (10041): Inferred latch for "obstacle_blank_height[1][7]" at simple_vga_game.v(172)
Info (10041): Inferred latch for "obstacle_blank_height[1][8]" at simple_vga_game.v(172)
Info (10041): Inferred latch for "obstacle_blank_height[1][9]" at simple_vga_game.v(172)
Info (10041): Inferred latch for "obstacle_blank_height[2][0]" at simple_vga_game.v(172)
Info (10041): Inferred latch for "obstacle_blank_height[2][1]" at simple_vga_game.v(172)
Info (10041): Inferred latch for "obstacle_blank_height[2][2]" at simple_vga_game.v(172)
Info (10041): Inferred latch for "obstacle_blank_height[2][3]" at simple_vga_game.v(172)
Info (10041): Inferred latch for "obstacle_blank_height[2][4]" at simple_vga_game.v(172)
Info (10041): Inferred latch for "obstacle_blank_height[2][5]" at simple_vga_game.v(172)
Info (10041): Inferred latch for "obstacle_blank_height[2][6]" at simple_vga_game.v(172)
Info (10041): Inferred latch for "obstacle_blank_height[2][7]" at simple_vga_game.v(172)
Info (10041): Inferred latch for "obstacle_blank_height[2][8]" at simple_vga_game.v(172)
Info (10041): Inferred latch for "obstacle_blank_height[2][9]" at simple_vga_game.v(172)
Info (10041): Inferred latch for "obstacle_blank_height[3][0]" at simple_vga_game.v(172)
Info (10041): Inferred latch for "obstacle_blank_height[3][1]" at simple_vga_game.v(172)
Info (10041): Inferred latch for "obstacle_blank_height[3][2]" at simple_vga_game.v(172)
Info (10041): Inferred latch for "obstacle_blank_height[3][3]" at simple_vga_game.v(172)
Info (10041): Inferred latch for "obstacle_blank_height[3][4]" at simple_vga_game.v(172)
Info (10041): Inferred latch for "obstacle_blank_height[3][5]" at simple_vga_game.v(172)
Info (10041): Inferred latch for "obstacle_blank_height[3][6]" at simple_vga_game.v(172)
Info (10041): Inferred latch for "obstacle_blank_height[3][7]" at simple_vga_game.v(172)
Info (10041): Inferred latch for "obstacle_blank_height[3][8]" at simple_vga_game.v(172)
Info (10041): Inferred latch for "obstacle_blank_height[3][9]" at simple_vga_game.v(172)
Info (10041): Inferred latch for "obstacle_blank_height[4][0]" at simple_vga_game.v(172)
Info (10041): Inferred latch for "obstacle_blank_height[4][1]" at simple_vga_game.v(172)
Info (10041): Inferred latch for "obstacle_blank_height[4][2]" at simple_vga_game.v(172)
Info (10041): Inferred latch for "obstacle_blank_height[4][3]" at simple_vga_game.v(172)
Info (10041): Inferred latch for "obstacle_blank_height[4][4]" at simple_vga_game.v(172)
Info (10041): Inferred latch for "obstacle_blank_height[4][5]" at simple_vga_game.v(172)
Info (10041): Inferred latch for "obstacle_blank_height[4][6]" at simple_vga_game.v(172)
Info (10041): Inferred latch for "obstacle_blank_height[4][7]" at simple_vga_game.v(172)
Info (10041): Inferred latch for "obstacle_blank_height[4][8]" at simple_vga_game.v(172)
Info (10041): Inferred latch for "obstacle_blank_height[4][9]" at simple_vga_game.v(172)
Info (10041): Inferred latch for "obstacle_blank_height[5][0]" at simple_vga_game.v(172)
Info (10041): Inferred latch for "obstacle_blank_height[5][1]" at simple_vga_game.v(172)
Info (10041): Inferred latch for "obstacle_blank_height[5][2]" at simple_vga_game.v(172)
Info (10041): Inferred latch for "obstacle_blank_height[5][3]" at simple_vga_game.v(172)
Info (10041): Inferred latch for "obstacle_blank_height[5][4]" at simple_vga_game.v(172)
Info (10041): Inferred latch for "obstacle_blank_height[5][5]" at simple_vga_game.v(172)
Info (10041): Inferred latch for "obstacle_blank_height[5][6]" at simple_vga_game.v(172)
Info (10041): Inferred latch for "obstacle_blank_height[5][7]" at simple_vga_game.v(172)
Info (10041): Inferred latch for "obstacle_blank_height[5][8]" at simple_vga_game.v(172)
Info (10041): Inferred latch for "obstacle_blank_height[5][9]" at simple_vga_game.v(172)
Info (10041): Inferred latch for "obstacle_blank_top[0][0]" at simple_vga_game.v(172)
Info (10041): Inferred latch for "obstacle_blank_top[0][1]" at simple_vga_game.v(172)
Info (10041): Inferred latch for "obstacle_blank_top[0][2]" at simple_vga_game.v(172)
Info (10041): Inferred latch for "obstacle_blank_top[0][3]" at simple_vga_game.v(172)
Info (10041): Inferred latch for "obstacle_blank_top[0][4]" at simple_vga_game.v(172)
Info (10041): Inferred latch for "obstacle_blank_top[0][5]" at simple_vga_game.v(172)
Info (10041): Inferred latch for "obstacle_blank_top[0][6]" at simple_vga_game.v(172)
Info (10041): Inferred latch for "obstacle_blank_top[0][7]" at simple_vga_game.v(172)
Info (10041): Inferred latch for "obstacle_blank_top[0][8]" at simple_vga_game.v(172)
Info (10041): Inferred latch for "obstacle_blank_top[0][9]" at simple_vga_game.v(172)
Info (10041): Inferred latch for "obstacle_blank_top[1][0]" at simple_vga_game.v(172)
Info (10041): Inferred latch for "obstacle_blank_top[1][1]" at simple_vga_game.v(172)
Info (10041): Inferred latch for "obstacle_blank_top[1][2]" at simple_vga_game.v(172)
Info (10041): Inferred latch for "obstacle_blank_top[1][3]" at simple_vga_game.v(172)
Info (10041): Inferred latch for "obstacle_blank_top[1][4]" at simple_vga_game.v(172)
Info (10041): Inferred latch for "obstacle_blank_top[1][5]" at simple_vga_game.v(172)
Info (10041): Inferred latch for "obstacle_blank_top[1][6]" at simple_vga_game.v(172)
Info (10041): Inferred latch for "obstacle_blank_top[1][7]" at simple_vga_game.v(172)
Info (10041): Inferred latch for "obstacle_blank_top[1][8]" at simple_vga_game.v(172)
Info (10041): Inferred latch for "obstacle_blank_top[1][9]" at simple_vga_game.v(172)
Info (10041): Inferred latch for "obstacle_blank_top[2][0]" at simple_vga_game.v(172)
Info (10041): Inferred latch for "obstacle_blank_top[2][1]" at simple_vga_game.v(172)
Info (10041): Inferred latch for "obstacle_blank_top[2][2]" at simple_vga_game.v(172)
Info (10041): Inferred latch for "obstacle_blank_top[2][3]" at simple_vga_game.v(172)
Info (10041): Inferred latch for "obstacle_blank_top[2][4]" at simple_vga_game.v(172)
Info (10041): Inferred latch for "obstacle_blank_top[2][5]" at simple_vga_game.v(172)
Info (10041): Inferred latch for "obstacle_blank_top[2][6]" at simple_vga_game.v(172)
Info (10041): Inferred latch for "obstacle_blank_top[2][7]" at simple_vga_game.v(172)
Info (10041): Inferred latch for "obstacle_blank_top[2][8]" at simple_vga_game.v(172)
Info (10041): Inferred latch for "obstacle_blank_top[2][9]" at simple_vga_game.v(172)
Info (10041): Inferred latch for "obstacle_blank_top[3][0]" at simple_vga_game.v(172)
Info (10041): Inferred latch for "obstacle_blank_top[3][1]" at simple_vga_game.v(172)
Info (10041): Inferred latch for "obstacle_blank_top[3][2]" at simple_vga_game.v(172)
Info (10041): Inferred latch for "obstacle_blank_top[3][3]" at simple_vga_game.v(172)
Info (10041): Inferred latch for "obstacle_blank_top[3][4]" at simple_vga_game.v(172)
Info (10041): Inferred latch for "obstacle_blank_top[3][5]" at simple_vga_game.v(172)
Info (10041): Inferred latch for "obstacle_blank_top[3][6]" at simple_vga_game.v(172)
Info (10041): Inferred latch for "obstacle_blank_top[3][7]" at simple_vga_game.v(172)
Info (10041): Inferred latch for "obstacle_blank_top[3][8]" at simple_vga_game.v(172)
Info (10041): Inferred latch for "obstacle_blank_top[3][9]" at simple_vga_game.v(172)
Info (10041): Inferred latch for "obstacle_blank_top[4][0]" at simple_vga_game.v(172)
Info (10041): Inferred latch for "obstacle_blank_top[4][1]" at simple_vga_game.v(172)
Info (10041): Inferred latch for "obstacle_blank_top[4][2]" at simple_vga_game.v(172)
Info (10041): Inferred latch for "obstacle_blank_top[4][3]" at simple_vga_game.v(172)
Info (10041): Inferred latch for "obstacle_blank_top[4][4]" at simple_vga_game.v(172)
Info (10041): Inferred latch for "obstacle_blank_top[4][5]" at simple_vga_game.v(172)
Info (10041): Inferred latch for "obstacle_blank_top[4][6]" at simple_vga_game.v(172)
Info (10041): Inferred latch for "obstacle_blank_top[4][7]" at simple_vga_game.v(172)
Info (10041): Inferred latch for "obstacle_blank_top[4][8]" at simple_vga_game.v(172)
Info (10041): Inferred latch for "obstacle_blank_top[4][9]" at simple_vga_game.v(172)
Info (10041): Inferred latch for "obstacle_blank_top[5][0]" at simple_vga_game.v(172)
Info (10041): Inferred latch for "obstacle_blank_top[5][1]" at simple_vga_game.v(172)
Info (10041): Inferred latch for "obstacle_blank_top[5][2]" at simple_vga_game.v(172)
Info (10041): Inferred latch for "obstacle_blank_top[5][3]" at simple_vga_game.v(172)
Info (10041): Inferred latch for "obstacle_blank_top[5][4]" at simple_vga_game.v(172)
Info (10041): Inferred latch for "obstacle_blank_top[5][5]" at simple_vga_game.v(172)
Info (10041): Inferred latch for "obstacle_blank_top[5][6]" at simple_vga_game.v(172)
Info (10041): Inferred latch for "obstacle_blank_top[5][7]" at simple_vga_game.v(172)
Info (10041): Inferred latch for "obstacle_blank_top[5][8]" at simple_vga_game.v(172)
Info (10041): Inferred latch for "obstacle_blank_top[5][9]" at simple_vga_game.v(172)
Info (10041): Inferred latch for "obstacle_width[0][0]" at simple_vga_game.v(172)
Info (10041): Inferred latch for "obstacle_width[0][1]" at simple_vga_game.v(172)
Info (10041): Inferred latch for "obstacle_width[0][2]" at simple_vga_game.v(172)
Info (10041): Inferred latch for "obstacle_width[0][3]" at simple_vga_game.v(172)
Info (10041): Inferred latch for "obstacle_width[0][4]" at simple_vga_game.v(172)
Info (10041): Inferred latch for "obstacle_width[0][5]" at simple_vga_game.v(172)
Info (10041): Inferred latch for "obstacle_width[0][6]" at simple_vga_game.v(172)
Info (10041): Inferred latch for "obstacle_width[0][7]" at simple_vga_game.v(172)
Info (10041): Inferred latch for "obstacle_width[0][8]" at simple_vga_game.v(172)
Info (10041): Inferred latch for "obstacle_width[0][9]" at simple_vga_game.v(172)
Info (10041): Inferred latch for "obstacle_width[1][0]" at simple_vga_game.v(172)
Info (10041): Inferred latch for "obstacle_width[1][1]" at simple_vga_game.v(172)
Info (10041): Inferred latch for "obstacle_width[1][2]" at simple_vga_game.v(172)
Info (10041): Inferred latch for "obstacle_width[1][3]" at simple_vga_game.v(172)
Info (10041): Inferred latch for "obstacle_width[1][4]" at simple_vga_game.v(172)
Info (10041): Inferred latch for "obstacle_width[1][5]" at simple_vga_game.v(172)
Info (10041): Inferred latch for "obstacle_width[1][6]" at simple_vga_game.v(172)
Info (10041): Inferred latch for "obstacle_width[1][7]" at simple_vga_game.v(172)
Info (10041): Inferred latch for "obstacle_width[1][8]" at simple_vga_game.v(172)
Info (10041): Inferred latch for "obstacle_width[1][9]" at simple_vga_game.v(172)
Info (10041): Inferred latch for "obstacle_width[2][0]" at simple_vga_game.v(172)
Info (10041): Inferred latch for "obstacle_width[2][1]" at simple_vga_game.v(172)
Info (10041): Inferred latch for "obstacle_width[2][2]" at simple_vga_game.v(172)
Info (10041): Inferred latch for "obstacle_width[2][3]" at simple_vga_game.v(172)
Info (10041): Inferred latch for "obstacle_width[2][4]" at simple_vga_game.v(172)
Info (10041): Inferred latch for "obstacle_width[2][5]" at simple_vga_game.v(172)
Info (10041): Inferred latch for "obstacle_width[2][6]" at simple_vga_game.v(172)
Info (10041): Inferred latch for "obstacle_width[2][7]" at simple_vga_game.v(172)
Info (10041): Inferred latch for "obstacle_width[2][8]" at simple_vga_game.v(172)
Info (10041): Inferred latch for "obstacle_width[2][9]" at simple_vga_game.v(172)
Info (10041): Inferred latch for "obstacle_width[3][0]" at simple_vga_game.v(172)
Info (10041): Inferred latch for "obstacle_width[3][1]" at simple_vga_game.v(172)
Info (10041): Inferred latch for "obstacle_width[3][2]" at simple_vga_game.v(172)
Info (10041): Inferred latch for "obstacle_width[3][3]" at simple_vga_game.v(172)
Info (10041): Inferred latch for "obstacle_width[3][4]" at simple_vga_game.v(172)
Info (10041): Inferred latch for "obstacle_width[3][5]" at simple_vga_game.v(172)
Info (10041): Inferred latch for "obstacle_width[3][6]" at simple_vga_game.v(172)
Info (10041): Inferred latch for "obstacle_width[3][7]" at simple_vga_game.v(172)
Info (10041): Inferred latch for "obstacle_width[3][8]" at simple_vga_game.v(172)
Info (10041): Inferred latch for "obstacle_width[3][9]" at simple_vga_game.v(172)
Info (10041): Inferred latch for "obstacle_width[4][0]" at simple_vga_game.v(172)
Info (10041): Inferred latch for "obstacle_width[4][1]" at simple_vga_game.v(172)
Info (10041): Inferred latch for "obstacle_width[4][2]" at simple_vga_game.v(172)
Info (10041): Inferred latch for "obstacle_width[4][3]" at simple_vga_game.v(172)
Info (10041): Inferred latch for "obstacle_width[4][4]" at simple_vga_game.v(172)
Info (10041): Inferred latch for "obstacle_width[4][5]" at simple_vga_game.v(172)
Info (10041): Inferred latch for "obstacle_width[4][6]" at simple_vga_game.v(172)
Info (10041): Inferred latch for "obstacle_width[4][7]" at simple_vga_game.v(172)
Info (10041): Inferred latch for "obstacle_width[4][8]" at simple_vga_game.v(172)
Info (10041): Inferred latch for "obstacle_width[4][9]" at simple_vga_game.v(172)
Info (10041): Inferred latch for "obstacle_width[5][0]" at simple_vga_game.v(172)
Info (10041): Inferred latch for "obstacle_width[5][1]" at simple_vga_game.v(172)
Info (10041): Inferred latch for "obstacle_width[5][2]" at simple_vga_game.v(172)
Info (10041): Inferred latch for "obstacle_width[5][3]" at simple_vga_game.v(172)
Info (10041): Inferred latch for "obstacle_width[5][4]" at simple_vga_game.v(172)
Info (10041): Inferred latch for "obstacle_width[5][5]" at simple_vga_game.v(172)
Info (10041): Inferred latch for "obstacle_width[5][6]" at simple_vga_game.v(172)
Info (10041): Inferred latch for "obstacle_width[5][7]" at simple_vga_game.v(172)
Info (10041): Inferred latch for "obstacle_width[5][8]" at simple_vga_game.v(172)
Info (10041): Inferred latch for "obstacle_width[5][9]" at simple_vga_game.v(172)
Info (10041): Inferred latch for "obstacle_left[0][0]" at simple_vga_game.v(210)
Info (10041): Inferred latch for "obstacle_left[1][0]" at simple_vga_game.v(210)
Info (10041): Inferred latch for "obstacle_left[2][0]" at simple_vga_game.v(210)
Info (10041): Inferred latch for "obstacle_left[3][0]" at simple_vga_game.v(210)
Info (10041): Inferred latch for "obstacle_left[4][0]" at simple_vga_game.v(210)
Info (10041): Inferred latch for "obstacle_left[5][0]" at simple_vga_game.v(210)
Info (12128): Elaborating entity "vga_display" for hierarchy "vga_display:screen"
Warning (10230): Verilog HDL assignment warning at vga_display.v(40): truncated value with size 32 to match size of target (10)
Warning (10230): Verilog HDL assignment warning at vga_display.v(44): truncated value with size 32 to match size of target (10)
Info (12128): Elaborating entity "out_port_seg" for hierarchy "out_port_seg:historyScoreboard"
Warning (10230): Verilog HDL assignment warning at out_port_seg.v(12): truncated value with size 32 to match size of target (4)
Warning (10230): Verilog HDL assignment warning at out_port_seg.v(13): truncated value with size 32 to match size of target (4)
Info (12128): Elaborating entity "sevenseg" for hierarchy "out_port_seg:historyScoreboard|sevenseg:display_1"
Info (278001): Inferred 6 megafunctions from design logic
    Info (278004): Inferred divider/modulo megafunction ("lpm_divide") from the following logic: "out_port_seg:scoreboard|Mod1"
    Info (278004): Inferred divider/modulo megafunction ("lpm_divide") from the following logic: "out_port_seg:scoreboard|Div0"
    Info (278004): Inferred divider/modulo megafunction ("lpm_divide") from the following logic: "out_port_seg:scoreboard|Mod0"
    Info (278004): Inferred divider/modulo megafunction ("lpm_divide") from the following logic: "out_port_seg:historyScoreboard|Mod1"
    Info (278004): Inferred divider/modulo megafunction ("lpm_divide") from the following logic: "out_port_seg:historyScoreboard|Div0"
    Info (278004): Inferred divider/modulo megafunction ("lpm_divide") from the following logic: "out_port_seg:historyScoreboard|Mod0"
Info (12130): Elaborated megafunction instantiation "out_port_seg:scoreboard|lpm_divide:Mod1"
Info (12133): Instantiated megafunction "out_port_seg:scoreboard|lpm_divide:Mod1" with the following parameter:
    Info (12134): Parameter "LPM_WIDTHN" = "32"
    Info (12134): Parameter "LPM_WIDTHD" = "4"
    Info (12134): Parameter "LPM_NREPRESENTATION" = "UNSIGNED"
    Info (12134): Parameter "LPM_DREPRESENTATION" = "UNSIGNED"
Info (12021): Found 1 design units, including 1 entities, in source file db/lpm_divide_l3m.tdf
    Info (12023): Found entity 1: lpm_divide_l3m
Info (12021): Found 1 design units, including 1 entities, in source file db/sign_div_unsign_olh.tdf
    Info (12023): Found entity 1: sign_div_unsign_olh
Info (12021): Found 1 design units, including 1 entities, in source file db/alt_u_div_mve.tdf
    Info (12023): Found entity 1: alt_u_div_mve
Info (12130): Elaborated megafunction instantiation "out_port_seg:scoreboard|lpm_divide:Div0"
Info (12133): Instantiated megafunction "out_port_seg:scoreboard|lpm_divide:Div0" with the following parameter:
    Info (12134): Parameter "LPM_WIDTHN" = "32"
    Info (12134): Parameter "LPM_WIDTHD" = "4"
    Info (12134): Parameter "LPM_NREPRESENTATION" = "UNSIGNED"
    Info (12134): Parameter "LPM_DREPRESENTATION" = "UNSIGNED"
Info (12021): Found 1 design units, including 1 entities, in source file db/lpm_divide_ibm.tdf
    Info (12023): Found entity 1: lpm_divide_ibm
Warning (13024): Output pins are stuck at VCC or GND
    Warning (13410): Pin "VGA_B[2]" is stuck at GND
Info (286030): Timing-Driven Synthesis is running
Info (144001): Generated suppressed messages file C:/fpgaProject/simple_vga_game/output_files/simple_vga_game.map.smsg
Info (16010): Generating hard_block partition "hard_block:auto_generated_inst"
    Info (16011): Adding 0 node(s), including 0 DDIO, 0 PLL, 0 transceiver and 0 LCELL
Info (21057): Implemented 3401 device resources after synthesis - the final resource count might be different
    Info (21058): Implemented 5 input pins
    Info (21059): Implemented 56 output pins
    Info (21061): Implemented 3340 logic cells
Info: Quartus II 64-Bit Analysis & Synthesis was successful. 0 errors, 11 warnings
    Info: Peak virtual memory: 559 megabytes
    Info: Processing ended: Sun Jan 14 10:16:08 2018
    Info: Elapsed time: 00:00:08
    Info: Total CPU time (on all processors): 00:00:11


+------------------------------------------+
; Analysis & Synthesis Suppressed Messages ;
+------------------------------------------+
The suppressed messages can be found in C:/fpgaProject/simple_vga_game/output_files/simple_vga_game.map.smsg.


